<?xml version="1.0" encoding="UTF-8"?>
<coverage generated="1646843111">
  <project timestamp="1646843111">
    <file name="C:\laragon\www\p8_to_do_and_co\src\Controller\HomepageController.php">
      <class name="App\Controller\HomepageController" namespace="global">
        <metrics complexity="2" methods="1" coveredmethods="1" conditionals="0" coveredconditionals="0" statements="3" coveredstatements="3" elements="4" coveredelements="4"/>
      </class>
      <line num="11" type="method" name="index" visibility="public" complexity="2" crap="2" count="4"/>
      <line num="14" type="stmt" count="4"/>
      <line num="15" type="stmt" count="1"/>
      <line num="17" type="stmt" count="3"/>
      <metrics loc="21" ncloc="21" classes="1" methods="1" coveredmethods="1" conditionals="0" coveredconditionals="0" statements="3" coveredstatements="3" elements="4" coveredelements="4"/>
    </file>
    <file name="C:\laragon\www\p8_to_do_and_co\src\Controller\LoginController.php">
      <class name="App\Controller\LoginController" namespace="global">
        <metrics complexity="2" methods="1" coveredmethods="0" conditionals="0" coveredconditionals="0" statements="8" coveredstatements="7" elements="9" coveredelements="7"/>
      </class>
      <line num="12" type="method" name="index" visibility="public" complexity="2" crap="2.01" count="4"/>
      <line num="15" type="stmt" count="4"/>
      <line num="16" type="stmt" count="0"/>
      <line num="18" type="stmt" count="4"/>
      <line num="19" type="stmt" count="4"/>
      <line num="21" type="stmt" count="4"/>
      <line num="22" type="stmt" count="4"/>
      <line num="23" type="stmt" count="4"/>
      <line num="24" type="stmt" count="4"/>
      <metrics loc="27" ncloc="27" classes="1" methods="1" coveredmethods="0" conditionals="0" coveredconditionals="0" statements="8" coveredstatements="7" elements="9" coveredelements="7"/>
    </file>
    <file name="C:\laragon\www\p8_to_do_and_co\src\Controller\SecurityController.php">
      <class name="App\Controller\SecurityController" namespace="global">
        <metrics complexity="1" methods="0" coveredmethods="0" conditionals="0" coveredconditionals="0" statements="0" coveredstatements="0" elements="0" coveredelements="0"/>
      </class>
      <metrics loc="16" ncloc="16" classes="0" methods="0" coveredmethods="0" conditionals="0" coveredconditionals="0" statements="0" coveredstatements="0" elements="0" coveredelements="0"/>
    </file>
    <file name="C:\laragon\www\p8_to_do_and_co\src\Controller\TaskController.php">
      <class name="App\Controller\TaskController" namespace="global">
        <metrics complexity="17" methods="7" coveredmethods="6" conditionals="0" coveredconditionals="0" statements="45" coveredstatements="42" elements="52" coveredelements="48"/>
      </class>
      <line num="20" type="method" name="__construct" visibility="public" complexity="1" crap="1" count="13"/>
      <line num="22" type="stmt" count="13"/>
      <line num="23" type="stmt" count="13"/>
      <line num="28" type="method" name="listAction" visibility="public" complexity="1" crap="1" count="12"/>
      <line num="32" type="stmt" count="12"/>
      <line num="34" type="stmt" count="12"/>
      <line num="35" type="stmt" count="12"/>
      <line num="39" type="method" name="createAction" visibility="public" complexity="3" crap="3" count="1"/>
      <line num="44" type="stmt" count="1"/>
      <line num="45" type="stmt" count="1"/>
      <line num="46" type="stmt" count="1"/>
      <line num="47" type="stmt" count="1"/>
      <line num="48" type="stmt" count="1"/>
      <line num="49" type="stmt" count="1"/>
      <line num="50" type="stmt" count="1"/>
      <line num="51" type="stmt" count="1"/>
      <line num="53" type="stmt" count="1"/>
      <line num="56" type="method" name="editAction" visibility="public" complexity="4" crap="4" count="3"/>
      <line num="59" type="stmt" count="3"/>
      <line num="60" type="stmt" count="1"/>
      <line num="61" type="stmt" count="1"/>
      <line num="63" type="stmt" count="2"/>
      <line num="64" type="stmt" count="2"/>
      <line num="65" type="stmt" count="2"/>
      <line num="66" type="stmt" count="2"/>
      <line num="67" type="stmt" count="2"/>
      <line num="68" type="stmt" count="2"/>
      <line num="70" type="stmt" count="2"/>
      <line num="71" type="stmt" count="2"/>
      <line num="72" type="stmt" count="2"/>
      <line num="76" type="method" name="toggleTaskAction" visibility="public" complexity="5" crap="5" count="3"/>
      <line num="79" type="stmt" count="3"/>
      <line num="80" type="stmt" count="1"/>
      <line num="81" type="stmt" count="1"/>
      <line num="83" type="stmt" count="2"/>
      <line num="84" type="stmt" count="2"/>
      <line num="85" type="stmt" count="2"/>
      <line num="86" type="stmt" count="1"/>
      <line num="88" type="stmt" count="2"/>
      <line num="89" type="stmt" count="1"/>
      <line num="90" type="stmt" count="2"/>
      <line num="92" type="method" name="deleteTaskAction" visibility="public" complexity="2" crap="2" count="3"/>
      <line num="95" type="stmt" count="3"/>
      <line num="96" type="stmt" count="1"/>
      <line num="97" type="stmt" count="1"/>
      <line num="99" type="stmt" count="2"/>
      <line num="100" type="stmt" count="2"/>
      <line num="101" type="stmt" count="2"/>
      <line num="104" type="method" name="isDoneTask" visibility="public" complexity="1" crap="2" count="0"/>
      <line num="108" type="stmt" count="0"/>
      <line num="110" type="stmt" count="0"/>
      <line num="111" type="stmt" count="0"/>
      <metrics loc="114" ncloc="114" classes="1" methods="7" coveredmethods="6" conditionals="0" coveredconditionals="0" statements="45" coveredstatements="42" elements="52" coveredelements="48"/>
    </file>
    <file name="C:\laragon\www\p8_to_do_and_co\src\Controller\UserController.php">
      <class name="App\Controller\UserController" namespace="global">
        <metrics complexity="11" methods="4" coveredmethods="4" conditionals="0" coveredconditionals="0" statements="32" coveredstatements="32" elements="36" coveredelements="36"/>
      </class>
      <line num="23" type="method" name="__construct" visibility="public" complexity="1" crap="1" count="9"/>
      <line num="25" type="stmt" count="9"/>
      <line num="26" type="stmt" count="9"/>
      <line num="28" type="method" name="listAction" visibility="public" complexity="2" crap="2" count="3"/>
      <line num="32" type="stmt" count="3"/>
      <line num="33" type="stmt" count="3"/>
      <line num="34" type="stmt" count="3"/>
      <line num="35" type="stmt" count="2"/>
      <line num="38" type="stmt" count="3"/>
      <line num="39" type="stmt" count="3"/>
      <line num="40" type="stmt" count="3"/>
      <line num="44" type="method" name="createAction" visibility="public" complexity="3" crap="3" count="2"/>
      <line num="47" type="stmt" count="2"/>
      <line num="48" type="stmt" count="2"/>
      <line num="49" type="stmt" count="2"/>
      <line num="50" type="stmt" count="2"/>
      <line num="51" type="stmt" count="1"/>
      <line num="52" type="stmt" count="1"/>
      <line num="53" type="stmt" count="1"/>
      <line num="55" type="stmt" count="2"/>
      <line num="56" type="stmt" count="2"/>
      <line num="60" type="method" name="editAction" visibility="public" complexity="5" crap="5" count="3"/>
      <line num="64" type="stmt" count="3"/>
      <line num="65" type="stmt" count="3"/>
      <line num="66" type="stmt" count="1"/>
      <line num="67" type="stmt" count="1"/>
      <line num="68" type="stmt" count="1"/>
      <line num="71" type="stmt" count="2"/>
      <line num="72" type="stmt" count="2"/>
      <line num="73" type="stmt" count="2"/>
      <line num="74" type="stmt" count="1"/>
      <line num="75" type="stmt" count="1"/>
      <line num="76" type="stmt" count="1"/>
      <line num="78" type="stmt" count="2"/>
      <line num="79" type="stmt" count="2"/>
      <line num="80" type="stmt" count="2"/>
      <metrics loc="81" ncloc="81" classes="1" methods="4" coveredmethods="4" conditionals="0" coveredconditionals="0" statements="32" coveredstatements="32" elements="36" coveredelements="36"/>
    </file>
    <file name="C:\laragon\www\p8_to_do_and_co\src\DataFixtures\TaskFixtures.php">
      <class name="App\DataFixtures\TaskFixtures" namespace="global">
        <metrics complexity="3" methods="0" coveredmethods="0" conditionals="0" coveredconditionals="0" statements="0" coveredstatements="0" elements="0" coveredelements="0"/>
      </class>
      <metrics loc="55" ncloc="52" classes="0" methods="0" coveredmethods="0" conditionals="0" coveredconditionals="0" statements="0" coveredstatements="0" elements="0" coveredelements="0"/>
    </file>
    <file name="C:\laragon\www\p8_to_do_and_co\src\DataFixtures\UserFixtures.php">
      <class name="App\DataFixtures\UserFixtures" namespace="global">
        <metrics complexity="2" methods="0" coveredmethods="0" conditionals="0" coveredconditionals="0" statements="0" coveredstatements="0" elements="0" coveredelements="0"/>
      </class>
      <metrics loc="46" ncloc="43" classes="0" methods="0" coveredmethods="0" conditionals="0" coveredconditionals="0" statements="0" coveredstatements="0" elements="0" coveredelements="0"/>
    </file>
    <file name="C:\laragon\www\p8_to_do_and_co\src\Entity\Task.php">
      <class name="App\Entity\Task" namespace="global">
        <metrics complexity="16" methods="15" coveredmethods="14" conditionals="0" coveredconditionals="0" statements="22" coveredstatements="20" elements="37" coveredelements="34"/>
      </class>
      <line num="38" type="method" name="getId" visibility="public" complexity="1" crap="1" count="14"/>
      <line num="40" type="stmt" count="14"/>
      <line num="43" type="method" name="getCreatedAt" visibility="public" complexity="1" crap="1" count="3"/>
      <line num="45" type="stmt" count="3"/>
      <line num="48" type="method" name="setCreatedAt" visibility="public" complexity="1" crap="1" count="3"/>
      <line num="50" type="stmt" count="3"/>
      <line num="52" type="stmt" count="3"/>
      <line num="55" type="method" name="getUpdatedAt" visibility="public" complexity="1" crap="1" count="2"/>
      <line num="57" type="stmt" count="2"/>
      <line num="60" type="method" name="setUpdatedAt" visibility="public" complexity="1" crap="1" count="5"/>
      <line num="62" type="stmt" count="5"/>
      <line num="64" type="stmt" count="5"/>
      <line num="67" type="method" name="getTitle" visibility="public" complexity="1" crap="1" count="13"/>
      <line num="69" type="stmt" count="13"/>
      <line num="72" type="method" name="setTitle" visibility="public" complexity="1" crap="1" count="6"/>
      <line num="74" type="stmt" count="6"/>
      <line num="76" type="stmt" count="6"/>
      <line num="79" type="method" name="getContent" visibility="public" complexity="1" crap="1" count="13"/>
      <line num="81" type="stmt" count="13"/>
      <line num="84" type="method" name="setContent" visibility="public" complexity="1" crap="1" count="6"/>
      <line num="86" type="stmt" count="6"/>
      <line num="88" type="stmt" count="6"/>
      <line num="91" type="method" name="getIsDone" visibility="public" complexity="1" crap="1" count="14"/>
      <line num="93" type="stmt" count="14"/>
      <line num="96" type="method" name="setIsDone" visibility="public" complexity="1" crap="2" count="0"/>
      <line num="98" type="stmt" count="0"/>
      <line num="100" type="stmt" count="0"/>
      <line num="102" type="method" name="toggle" visibility="public" complexity="1" crap="1" count="3"/>
      <line num="104" type="stmt" count="3"/>
      <line num="107" type="method" name="getAuthor" visibility="public" complexity="1" crap="1" count="11"/>
      <line num="109" type="stmt" count="11"/>
      <line num="113" type="method" name="setAuthor" visibility="public" complexity="1" crap="1" count="2"/>
      <line num="115" type="stmt" count="2"/>
      <line num="117" type="stmt" count="2"/>
      <line num="119" type="method" name="getAuthorName" visibility="public" complexity="2" crap="2" count="8"/>
      <line num="120" type="stmt" count="8"/>
      <line num="121" type="stmt" count="8"/>
      <metrics loc="124" ncloc="124" classes="1" methods="15" coveredmethods="14" conditionals="0" coveredconditionals="0" statements="22" coveredstatements="20" elements="37" coveredelements="34"/>
    </file>
    <file name="C:\laragon\www\p8_to_do_and_co\src\Entity\User.php">
      <class name="App\Entity\User" namespace="global">
        <metrics complexity="18" methods="14" coveredmethods="12" conditionals="0" coveredconditionals="0" statements="25" coveredstatements="17" elements="39" coveredelements="29"/>
      </class>
      <line num="50" type="method" name="__construct" visibility="public" complexity="1" crap="1" count="14"/>
      <line num="52" type="stmt" count="14"/>
      <line num="55" type="method" name="getId" visibility="public" complexity="1" crap="1" count="6"/>
      <line num="57" type="stmt" count="6"/>
      <line num="60" type="method" name="getUsername" visibility="public" complexity="1" crap="1" count="7"/>
      <line num="62" type="stmt" count="7"/>
      <line num="65" type="method" name="setUsername" visibility="public" complexity="1" crap="1" count="13"/>
      <line num="67" type="stmt" count="13"/>
      <line num="69" type="stmt" count="13"/>
      <line num="77" type="method" name="getUserIdentifier" visibility="public" complexity="1" crap="1" count="20"/>
      <line num="79" type="stmt" count="20"/>
      <line num="85" type="method" name="getRoles" visibility="public" complexity="1" crap="1" count="22"/>
      <line num="87" type="stmt" count="22"/>
      <line num="90" type="stmt" count="22"/>
      <line num="93" type="method" name="setRoles" visibility="public" complexity="1" crap="1" count="12"/>
      <line num="95" type="stmt" count="12"/>
      <line num="97" type="stmt" count="12"/>
      <line num="103" type="method" name="getPassword" visibility="public" complexity="1" crap="1" count="22"/>
      <line num="105" type="stmt" count="22"/>
      <line num="108" type="method" name="setPassword" visibility="public" complexity="1" crap="1" count="13"/>
      <line num="110" type="stmt" count="13"/>
      <line num="112" type="stmt" count="13"/>
      <line num="124" type="method" name="getEmail" visibility="public" complexity="1" crap="1" count="7"/>
      <line num="126" type="stmt" count="7"/>
      <line num="129" type="method" name="setEmail" visibility="public" complexity="1" crap="1" count="13"/>
      <line num="131" type="stmt" count="13"/>
      <line num="133" type="stmt" count="13"/>
      <line num="139" type="method" name="getTasks" visibility="public" complexity="1" crap="1" count="1"/>
      <line num="141" type="stmt" count="1"/>
      <line num="144" type="method" name="addTask" visibility="public" complexity="2" crap="6" count="0"/>
      <line num="146" type="stmt" count="0"/>
      <line num="147" type="stmt" count="0"/>
      <line num="148" type="stmt" count="0"/>
      <line num="151" type="stmt" count="0"/>
      <line num="154" type="method" name="removeTask" visibility="public" complexity="3" crap="12" count="0"/>
      <line num="156" type="stmt" count="0"/>
      <line num="158" type="stmt" count="0"/>
      <line num="159" type="stmt" count="0"/>
      <line num="163" type="stmt" count="0"/>
      <metrics loc="165" ncloc="144" classes="1" methods="14" coveredmethods="12" conditionals="0" coveredconditionals="0" statements="25" coveredstatements="17" elements="39" coveredelements="29"/>
    </file>
    <file name="C:\laragon\www\p8_to_do_and_co\src\Form\TaskType.php">
      <class name="App\Form\TaskType" namespace="global">
        <metrics complexity="2" methods="2" coveredmethods="2" conditionals="0" coveredconditionals="0" statements="10" coveredstatements="10" elements="12" coveredelements="12"/>
      </class>
      <line num="16" type="method" name="buildForm" visibility="public" complexity="1" crap="1" count="3"/>
      <line num="19" type="stmt" count="3"/>
      <line num="20" type="stmt" count="3"/>
      <line num="22" type="stmt" count="3"/>
      <line num="25" type="stmt" count="3"/>
      <line num="31" type="stmt" count="3"/>
      <line num="32" type="stmt" count="3"/>
      <line num="34" type="stmt" count="3"/>
      <line num="37" type="stmt" count="3"/>
      <line num="46" type="method" name="configureOptions" visibility="public" complexity="1" crap="1" count="3"/>
      <line num="48" type="stmt" count="3"/>
      <line num="49" type="stmt" count="3"/>
      <metrics loc="52" ncloc="52" classes="1" methods="2" coveredmethods="2" conditionals="0" coveredconditionals="0" statements="10" coveredstatements="10" elements="12" coveredelements="12"/>
    </file>
    <file name="C:\laragon\www\p8_to_do_and_co\src\Form\UserType.php">
      <class name="App\Form\UserType" namespace="global">
        <metrics complexity="3" methods="2" coveredmethods="2" conditionals="0" coveredconditionals="0" statements="19" coveredstatements="19" elements="21" coveredelements="21"/>
      </class>
      <line num="22" type="method" name="buildForm" visibility="public" complexity="2" crap="2" count="4"/>
      <line num="25" type="stmt" count="4"/>
      <line num="28" type="stmt" count="4"/>
      <line num="31" type="stmt" count="4"/>
      <line num="37" type="stmt" count="4"/>
      <line num="39" type="stmt" count="4"/>
      <line num="41" type="stmt" count="4"/>
      <line num="52" type="stmt" count="4"/>
      <line num="53" type="stmt" count="4"/>
      <line num="55" type="stmt" count="4"/>
      <line num="60" type="stmt" count="4"/>
      <line num="63" type="stmt" count="4"/>
      <line num="73" type="stmt" count="4"/>
      <line num="74" type="stmt" count="4"/>
      <line num="75" type="stmt" count="4"/>
      <line num="77" type="stmt" count="4"/>
      <line num="79" type="stmt" count="4"/>
      <line num="81" type="stmt" count="3"/>
      <line num="87" type="method" name="configureOptions" visibility="public" complexity="1" crap="1" count="4"/>
      <line num="89" type="stmt" count="4"/>
      <line num="90" type="stmt" count="4"/>
      <metrics loc="93" ncloc="91" classes="1" methods="2" coveredmethods="2" conditionals="0" coveredconditionals="0" statements="19" coveredstatements="19" elements="21" coveredelements="21"/>
    </file>
    <file name="C:\laragon\www\p8_to_do_and_co\src\Kernel.php">
      <class name="App\Kernel" namespace="global">
        <metrics complexity="0" methods="0" coveredmethods="0" conditionals="0" coveredconditionals="0" statements="0" coveredstatements="0" elements="0" coveredelements="0"/>
      </class>
      <metrics loc="12" ncloc="12" classes="0" methods="0" coveredmethods="0" conditionals="0" coveredconditionals="0" statements="0" coveredstatements="0" elements="0" coveredelements="0"/>
    </file>
    <file name="C:\laragon\www\p8_to_do_and_co\src\Repository\TaskRepository.php">
      <class name="App\Repository\TaskRepository" namespace="global">
        <metrics complexity="1" methods="0" coveredmethods="0" conditionals="0" coveredconditionals="0" statements="0" coveredstatements="0" elements="0" coveredelements="0"/>
      </class>
      <metrics loc="52" ncloc="18" classes="0" methods="0" coveredmethods="0" conditionals="0" coveredconditionals="0" statements="0" coveredstatements="0" elements="0" coveredelements="0"/>
    </file>
    <file name="C:\laragon\www\p8_to_do_and_co\src\Repository\UserRepository.php">
      <class name="App\Repository\UserRepository" namespace="global">
        <metrics complexity="3" methods="0" coveredmethods="0" conditionals="0" coveredconditionals="0" statements="0" coveredstatements="0" elements="0" coveredelements="0"/>
      </class>
      <metrics loc="69" ncloc="32" classes="0" methods="0" coveredmethods="0" conditionals="0" coveredconditionals="0" statements="0" coveredstatements="0" elements="0" coveredelements="0"/>
    </file>
    <file name="C:\laragon\www\p8_to_do_and_co\src\Security\Voter\TaskVoter.php">
      <class name="App\Security\Voter\TaskVoter" namespace="global">
        <metrics complexity="13" methods="3" coveredmethods="2" conditionals="0" coveredconditionals="0" statements="17" coveredstatements="16" elements="20" coveredelements="18"/>
      </class>
      <line num="15" type="method" name="__construct" visibility="public" complexity="1" crap="1" count="12"/>
      <line num="17" type="stmt" count="12"/>
      <line num="20" type="method" name="supports" visibility="protected" complexity="2" crap="2" count="12"/>
      <line num="24" type="stmt" count="12"/>
      <line num="28" type="method" name="voteOnAttribute" visibility="protected" complexity="10" crap="10.03" count="9"/>
      <line num="30" type="stmt" count="9"/>
      <line num="32" type="stmt" count="9"/>
      <line num="33" type="stmt" count="0"/>
      <line num="37" type="stmt" count="9"/>
      <line num="38" type="stmt" count="9"/>
      <line num="39" type="stmt" count="6"/>
      <line num="40" type="stmt" count="2"/>
      <line num="42" type="stmt" count="4"/>
      <line num="43" type="stmt" count="2"/>
      <line num="45" type="stmt" count="3"/>
      <line num="46" type="stmt" count="5"/>
      <line num="47" type="stmt" count="1"/>
      <line num="49" type="stmt" count="4"/>
      <line num="50" type="stmt" count="1"/>
      <line num="54" type="stmt" count="3"/>
      <metrics loc="56" ncloc="52" classes="1" methods="3" coveredmethods="2" conditionals="0" coveredconditionals="0" statements="17" coveredstatements="16" elements="20" coveredelements="18"/>
    </file>
    <file name="C:\laragon\www\p8_to_do_and_co\src\Service\TaskService.php">
      <class name="App\Service\TaskService" namespace="global">
        <metrics complexity="4" methods="3" coveredmethods="3" conditionals="0" coveredconditionals="0" statements="6" coveredstatements="6" elements="9" coveredelements="9"/>
      </class>
      <line num="14" type="method" name="__construct" visibility="public" complexity="1" crap="1" count="15"/>
      <line num="16" type="stmt" count="15"/>
      <line num="18" type="method" name="saveTask" visibility="public" complexity="2" crap="2" count="7"/>
      <line num="20" type="stmt" count="7"/>
      <line num="21" type="stmt" count="7"/>
      <line num="22" type="stmt" count="7"/>
      <line num="24" type="method" name="removeTask" visibility="public" complexity="1" crap="1" count="2"/>
      <line num="25" type="stmt" count="2"/>
      <line num="26" type="stmt" count="2"/>
      <metrics loc="28" ncloc="28" classes="1" methods="3" coveredmethods="3" conditionals="0" coveredconditionals="0" statements="6" coveredstatements="6" elements="9" coveredelements="9"/>
    </file>
    <file name="C:\laragon\www\p8_to_do_and_co\src\Service\UserService.php">
      <class name="App\Service\UserService" namespace="global">
        <metrics complexity="2" methods="2" coveredmethods="2" conditionals="0" coveredconditionals="0" statements="6" coveredstatements="6" elements="8" coveredelements="8"/>
      </class>
      <line num="16" type="method" name="__construct" visibility="public" complexity="1" crap="1" count="10"/>
      <line num="18" type="stmt" count="10"/>
      <line num="19" type="stmt" count="10"/>
      <line num="21" type="method" name="saveUser" visibility="public" complexity="1" crap="1" count="3"/>
      <line num="23" type="stmt" count="3"/>
      <line num="24" type="stmt" count="3"/>
      <line num="29" type="stmt" count="3"/>
      <line num="30" type="stmt" count="3"/>
      <metrics loc="34" ncloc="34" classes="1" methods="2" coveredmethods="2" conditionals="0" coveredconditionals="0" statements="6" coveredstatements="6" elements="8" coveredelements="8"/>
    </file>
    <metrics files="17" loc="1045" ncloc="941" classes="11" methods="54" coveredmethods="48" conditionals="0" coveredconditionals="0" statements="193" coveredstatements="178" elements="247" coveredelements="226"/>
  </project>
</coverage>
